{"C:\\Users\\Martin\\Desktop\\Universita\\ingegneria\\front-end\\app.js": {"path":"C:\\Users\\Martin\\Desktop\\Universita\\ingegneria\\front-end\\app.js","statementMap":{"0":{"start":{"line":1,"column":16},"end":{"line":1,"column":34}},"1":{"start":{"line":2,"column":19},"end":{"line":2,"column":41}},"2":{"start":{"line":3,"column":13},"end":{"line":3,"column":28}},"3":{"start":{"line":4,"column":12},"end":{"line":4,"column":21}},"4":{"start":{"line":5,"column":24},"end":{"line":5,"column":49}},"5":{"start":{"line":6,"column":18},"end":{"line":6,"column":47}},"6":{"start":{"line":8,"column":0},"end":{"line":8,"column":72}},"7":{"start":{"line":9,"column":11},"end":{"line":9,"column":34}},"8":{"start":{"line":10,"column":0},"end":{"line":21,"column":5}},"9":{"start":{"line":16,"column":4},"end":{"line":16,"column":46}},"10":{"start":{"line":19,"column":4},"end":{"line":19,"column":56}},"11":{"start":{"line":20,"column":4},"end":{"line":20,"column":19}},"12":{"start":{"line":22,"column":18},"end":{"line":24,"column":1}},"13":{"start":{"line":26,"column":0},"end":{"line":26,"column":27}},"14":{"start":{"line":29,"column":0},"end":{"line":29,"column":27}},"15":{"start":{"line":32,"column":0},"end":{"line":32,"column":51}},"16":{"start":{"line":34,"column":0},"end":{"line":34,"column":43}},"17":{"start":{"line":35,"column":0},"end":{"line":35,"column":41}},"18":{"start":{"line":36,"column":0},"end":{"line":36,"column":53}},"19":{"start":{"line":37,"column":0},"end":{"line":37,"column":50}},"20":{"start":{"line":40,"column":0},"end":{"line":40,"column":21}}},"fnMap":{"0":{"name":"(anonymous_0)","decl":{"start":{"line":15,"column":8},"end":{"line":15,"column":9}},"loc":{"start":{"line":15,"column":14},"end":{"line":17,"column":3}},"line":15},"1":{"name":"(anonymous_1)","decl":{"start":{"line":18,"column":9},"end":{"line":18,"column":10}},"loc":{"start":{"line":18,"column":16},"end":{"line":21,"column":3}},"line":18}},"branchMap":{},"s":{"0":1,"1":1,"2":1,"3":1,"4":1,"5":1,"6":1,"7":1,"8":1,"9":1,"10":0,"11":0,"12":1,"13":1,"14":1,"15":1,"16":1,"17":1,"18":1,"19":1,"20":1},"f":{"0":1,"1":0},"b":{},"_coverageSchema":"1a1c01bbd47fc00a2c39e90264f33305004495a9","hash":"0a4486fd1a0bd5d4beacd355755512543b2ec5c4"}
,"C:\\Users\\Martin\\Desktop\\Universita\\ingegneria\\front-end\\app\\config\\db.config.js": {"path":"C:\\Users\\Martin\\Desktop\\Universita\\ingegneria\\front-end\\app\\config\\db.config.js","statementMap":{"0":{"start":{"line":1,"column":0},"end":{"line":3,"column":4}}},"fnMap":{},"branchMap":{},"s":{"0":1},"f":{},"b":{},"_coverageSchema":"1a1c01bbd47fc00a2c39e90264f33305004495a9","hash":"89978f9e3dcdf17ea5089a037df43e48806d3a6d"}
,"C:\\Users\\Martin\\Desktop\\Universita\\ingegneria\\front-end\\app\\controllers\\course.controller.js": {"path":"C:\\Users\\Martin\\Desktop\\Universita\\ingegneria\\front-end\\app\\controllers\\course.controller.js","statementMap":{"0":{"start":{"line":1,"column":11},"end":{"line":1,"column":31}},"1":{"start":{"line":2,"column":15},"end":{"line":2,"column":24}},"2":{"start":{"line":3,"column":25},"end":{"line":3,"column":44}},"3":{"start":{"line":6,"column":0},"end":{"line":34,"column":2}},"4":{"start":{"line":8,"column":4},"end":{"line":11,"column":5}},"5":{"start":{"line":9,"column":6},"end":{"line":9,"column":69}},"6":{"start":{"line":10,"column":6},"end":{"line":10,"column":13}},"7":{"start":{"line":14,"column":19},"end":{"line":20,"column":6}},"8":{"start":{"line":23,"column":4},"end":{"line":33,"column":11}},"9":{"start":{"line":26,"column":12},"end":{"line":26,"column":27}},"10":{"start":{"line":29,"column":12},"end":{"line":32,"column":15}},"11":{"start":{"line":36,"column":0},"end":{"line":51,"column":2}},"12":{"start":{"line":37,"column":17},"end":{"line":37,"column":31}},"13":{"start":{"line":38,"column":20},"end":{"line":38,"column":85}},"14":{"start":{"line":40,"column":4},"end":{"line":50,"column":9}},"15":{"start":{"line":43,"column":8},"end":{"line":43,"column":23}},"16":{"start":{"line":46,"column":8},"end":{"line":49,"column":11}},"17":{"start":{"line":54,"column":0},"end":{"line":69,"column":2}},"18":{"start":{"line":55,"column":15},"end":{"line":55,"column":28}},"19":{"start":{"line":57,"column":4},"end":{"line":68,"column":9}},"20":{"start":{"line":60,"column":8},"end":{"line":62,"column":28}},"21":{"start":{"line":61,"column":10},"end":{"line":61,"column":78}},"22":{"start":{"line":62,"column":13},"end":{"line":62,"column":28}},"23":{"start":{"line":65,"column":8},"end":{"line":67,"column":70}},"24":{"start":{"line":71,"column":0},"end":{"line":97,"column":2}},"25":{"start":{"line":72,"column":13},"end":{"line":72,"column":26}},"26":{"start":{"line":73,"column":20},"end":{"line":73,"column":40}},"27":{"start":{"line":75,"column":2},"end":{"line":96,"column":7}},"28":{"start":{"line":78,"column":6},"end":{"line":90,"column":7}},"29":{"start":{"line":79,"column":8},"end":{"line":79,"column":76}},"30":{"start":{"line":81,"column":32},"end":{"line":81,"column":102}},"31":{"start":{"line":82,"column":8},"end":{"line":82,"column":30}},"32":{"start":{"line":83,"column":8},"end":{"line":83,"column":26}},"33":{"start":{"line":84,"column":8},"end":{"line":88,"column":9}},"34":{"start":{"line":85,"column":10},"end":{"line":85,"column":35}},"35":{"start":{"line":87,"column":10},"end":{"line":87,"column":36}},"36":{"start":{"line":89,"column":8},"end":{"line":89,"column":22}},"37":{"start":{"line":93,"column":6},"end":{"line":95,"column":68}},"38":{"start":{"line":100,"column":0},"end":{"line":122,"column":2}},"39":{"start":{"line":101,"column":4},"end":{"line":105,"column":5}},"40":{"start":{"line":102,"column":6},"end":{"line":104,"column":9}},"41":{"start":{"line":107,"column":15},"end":{"line":107,"column":28}},"42":{"start":{"line":109,"column":4},"end":{"line":121,"column":9}},"43":{"start":{"line":111,"column":8},"end":{"line":115,"column":73}},"44":{"start":{"line":112,"column":10},"end":{"line":114,"column":13}},"45":{"start":{"line":115,"column":15},"end":{"line":115,"column":73}},"46":{"start":{"line":118,"column":8},"end":{"line":120,"column":11}},"47":{"start":{"line":125,"column":0},"end":{"line":145,"column":2}},"48":{"start":{"line":126,"column":15},"end":{"line":126,"column":28}},"49":{"start":{"line":128,"column":4},"end":{"line":144,"column":9}},"50":{"start":{"line":130,"column":8},"end":{"line":138,"column":9}},"51":{"start":{"line":131,"column":10},"end":{"line":133,"column":13}},"52":{"start":{"line":135,"column":10},"end":{"line":137,"column":13}},"53":{"start":{"line":141,"column":8},"end":{"line":143,"column":11}},"54":{"start":{"line":148,"column":0},"end":{"line":161,"column":2}},"55":{"start":{"line":149,"column":4},"end":{"line":160,"column":9}},"56":{"start":{"line":151,"column":8},"end":{"line":153,"column":11}},"57":{"start":{"line":156,"column":8},"end":{"line":159,"column":11}}},"fnMap":{"0":{"name":"(anonymous_0)","decl":{"start":{"line":6,"column":17},"end":{"line":6,"column":18}},"loc":{"start":{"line":6,"column":31},"end":{"line":34,"column":1}},"line":6},"1":{"name":"(anonymous_1)","decl":{"start":{"line":25,"column":14},"end":{"line":25,"column":15}},"loc":{"start":{"line":25,"column":22},"end":{"line":27,"column":9}},"line":25},"2":{"name":"(anonymous_2)","decl":{"start":{"line":28,"column":15},"end":{"line":28,"column":16}},"loc":{"start":{"line":28,"column":22},"end":{"line":33,"column":9}},"line":28},"3":{"name":"(anonymous_3)","decl":{"start":{"line":36,"column":18},"end":{"line":36,"column":19}},"loc":{"start":{"line":36,"column":32},"end":{"line":51,"column":1}},"line":36},"4":{"name":"(anonymous_4)","decl":{"start":{"line":42,"column":12},"end":{"line":42,"column":13}},"loc":{"start":{"line":42,"column":20},"end":{"line":44,"column":7}},"line":42},"5":{"name":"(anonymous_5)","decl":{"start":{"line":45,"column":13},"end":{"line":45,"column":14}},"loc":{"start":{"line":45,"column":20},"end":{"line":50,"column":7}},"line":45},"6":{"name":"(anonymous_6)","decl":{"start":{"line":54,"column":18},"end":{"line":54,"column":19}},"loc":{"start":{"line":54,"column":32},"end":{"line":69,"column":1}},"line":54},"7":{"name":"(anonymous_7)","decl":{"start":{"line":59,"column":12},"end":{"line":59,"column":13}},"loc":{"start":{"line":59,"column":20},"end":{"line":63,"column":7}},"line":59},"8":{"name":"(anonymous_8)","decl":{"start":{"line":64,"column":13},"end":{"line":64,"column":14}},"loc":{"start":{"line":64,"column":20},"end":{"line":68,"column":7}},"line":64},"9":{"name":"(anonymous_9)","decl":{"start":{"line":71,"column":30},"end":{"line":71,"column":31}},"loc":{"start":{"line":71,"column":44},"end":{"line":97,"column":1}},"line":71},"10":{"name":"(anonymous_10)","decl":{"start":{"line":77,"column":10},"end":{"line":77,"column":11}},"loc":{"start":{"line":77,"column":24},"end":{"line":91,"column":5}},"line":77},"11":{"name":"(anonymous_11)","decl":{"start":{"line":92,"column":11},"end":{"line":92,"column":12}},"loc":{"start":{"line":92,"column":18},"end":{"line":96,"column":5}},"line":92},"12":{"name":"(anonymous_12)","decl":{"start":{"line":100,"column":17},"end":{"line":100,"column":18}},"loc":{"start":{"line":100,"column":31},"end":{"line":122,"column":1}},"line":100},"13":{"name":"(anonymous_13)","decl":{"start":{"line":110,"column":12},"end":{"line":110,"column":13}},"loc":{"start":{"line":110,"column":20},"end":{"line":116,"column":7}},"line":110},"14":{"name":"(anonymous_14)","decl":{"start":{"line":117,"column":13},"end":{"line":117,"column":14}},"loc":{"start":{"line":117,"column":20},"end":{"line":121,"column":7}},"line":117},"15":{"name":"(anonymous_15)","decl":{"start":{"line":125,"column":17},"end":{"line":125,"column":18}},"loc":{"start":{"line":125,"column":31},"end":{"line":145,"column":1}},"line":125},"16":{"name":"(anonymous_16)","decl":{"start":{"line":129,"column":12},"end":{"line":129,"column":13}},"loc":{"start":{"line":129,"column":20},"end":{"line":139,"column":7}},"line":129},"17":{"name":"(anonymous_17)","decl":{"start":{"line":140,"column":13},"end":{"line":140,"column":14}},"loc":{"start":{"line":140,"column":20},"end":{"line":144,"column":7}},"line":140},"18":{"name":"(anonymous_18)","decl":{"start":{"line":148,"column":20},"end":{"line":148,"column":21}},"loc":{"start":{"line":148,"column":34},"end":{"line":161,"column":1}},"line":148},"19":{"name":"(anonymous_19)","decl":{"start":{"line":150,"column":12},"end":{"line":150,"column":13}},"loc":{"start":{"line":150,"column":20},"end":{"line":154,"column":7}},"line":150},"20":{"name":"(anonymous_20)","decl":{"start":{"line":155,"column":13},"end":{"line":155,"column":14}},"loc":{"start":{"line":155,"column":20},"end":{"line":160,"column":7}},"line":155}},"branchMap":{"0":{"loc":{"start":{"line":8,"column":4},"end":{"line":11,"column":5}},"type":"if","locations":[{"start":{"line":8,"column":4},"end":{"line":11,"column":5}},{"start":{},"end":{}}],"line":8},"1":{"loc":{"start":{"line":18,"column":14},"end":{"line":18,"column":54}},"type":"cond-expr","locations":[{"start":{"line":18,"column":32},"end":{"line":18,"column":47}},{"start":{"line":18,"column":50},"end":{"line":18,"column":54}}],"line":18},"2":{"loc":{"start":{"line":31,"column":16},"end":{"line":31,"column":79}},"type":"binary-expr","locations":[{"start":{"line":31,"column":16},"end":{"line":31,"column":27}},{"start":{"line":31,"column":31},"end":{"line":31,"column":79}}],"line":31},"3":{"loc":{"start":{"line":38,"column":20},"end":{"line":38,"column":85}},"type":"cond-expr","locations":[{"start":{"line":38,"column":27},"end":{"line":38,"column":80}},{"start":{"line":38,"column":83},"end":{"line":38,"column":85}}],"line":38},"4":{"loc":{"start":{"line":48,"column":12},"end":{"line":48,"column":74}},"type":"binary-expr","locations":[{"start":{"line":48,"column":12},"end":{"line":48,"column":23}},{"start":{"line":48,"column":27},"end":{"line":48,"column":74}}],"line":48},"5":{"loc":{"start":{"line":60,"column":8},"end":{"line":62,"column":28}},"type":"if","locations":[{"start":{"line":60,"column":8},"end":{"line":62,"column":28}},{"start":{"line":62,"column":13},"end":{"line":62,"column":28}}],"line":60},"6":{"loc":{"start":{"line":78,"column":6},"end":{"line":90,"column":7}},"type":"if","locations":[{"start":{"line":78,"column":6},"end":{"line":90,"column":7}},{"start":{"line":80,"column":13},"end":{"line":90,"column":7}}],"line":78},"7":{"loc":{"start":{"line":84,"column":8},"end":{"line":88,"column":9}},"type":"if","locations":[{"start":{"line":84,"column":8},"end":{"line":88,"column":9}},{"start":{"line":86,"column":15},"end":{"line":88,"column":9}}],"line":84},"8":{"loc":{"start":{"line":101,"column":4},"end":{"line":105,"column":5}},"type":"if","locations":[{"start":{"line":101,"column":4},"end":{"line":105,"column":5}},{"start":{},"end":{}}],"line":101},"9":{"loc":{"start":{"line":111,"column":8},"end":{"line":115,"column":73}},"type":"if","locations":[{"start":{"line":111,"column":8},"end":{"line":115,"column":73}},{"start":{"line":115,"column":15},"end":{"line":115,"column":73}}],"line":111},"10":{"loc":{"start":{"line":130,"column":8},"end":{"line":138,"column":9}},"type":"if","locations":[{"start":{"line":130,"column":8},"end":{"line":138,"column":9}},{"start":{"line":134,"column":15},"end":{"line":138,"column":9}}],"line":130},"11":{"loc":{"start":{"line":158,"column":12},"end":{"line":158,"column":76}},"type":"binary-expr","locations":[{"start":{"line":158,"column":12},"end":{"line":158,"column":23}},{"start":{"line":158,"column":27},"end":{"line":158,"column":76}}],"line":158}},"s":{"0":1,"1":1,"2":1,"3":1,"4":1,"5":0,"6":0,"7":1,"8":1,"9":1,"10":0,"11":1,"12":0,"13":0,"14":0,"15":0,"16":0,"17":1,"18":0,"19":0,"20":0,"21":0,"22":0,"23":0,"24":1,"25":0,"26":0,"27":0,"28":0,"29":0,"30":0,"31":0,"32":0,"33":0,"34":0,"35":0,"36":0,"37":0,"38":1,"39":0,"40":0,"41":0,"42":0,"43":0,"44":0,"45":0,"46":0,"47":1,"48":1,"49":1,"50":1,"51":0,"52":1,"53":0,"54":1,"55":0,"56":0,"57":0},"f":{"0":1,"1":1,"2":0,"3":0,"4":0,"5":0,"6":0,"7":0,"8":0,"9":0,"10":0,"11":0,"12":0,"13":0,"14":0,"15":1,"16":1,"17":0,"18":0,"19":0,"20":0},"b":{"0":[0,1],"1":[1,0],"2":[0,0],"3":[0,0],"4":[0,0],"5":[0,0],"6":[0,0],"7":[0,0],"8":[0,0],"9":[0,0],"10":[0,1],"11":[0,0]},"_coverageSchema":"1a1c01bbd47fc00a2c39e90264f33305004495a9","hash":"5b9090502e34579fe3364b81cede1b1eb55ac622"}
,"C:\\Users\\Martin\\Desktop\\Universita\\ingegneria\\front-end\\app\\controllers\\favourite_course.controller.js": {"path":"C:\\Users\\Martin\\Desktop\\Universita\\ingegneria\\front-end\\app\\controllers\\favourite_course.controller.js","statementMap":{"0":{"start":{"line":1,"column":11},"end":{"line":1,"column":31}},"1":{"start":{"line":2,"column":25},"end":{"line":2,"column":44}},"2":{"start":{"line":5,"column":0},"end":{"line":41,"column":2}},"3":{"start":{"line":7,"column":2},"end":{"line":10,"column":3}},"4":{"start":{"line":8,"column":4},"end":{"line":8,"column":67}},"5":{"start":{"line":9,"column":4},"end":{"line":9,"column":11}},"6":{"start":{"line":12,"column":27},"end":{"line":15,"column":4}},"7":{"start":{"line":17,"column":2},"end":{"line":40,"column":5}},"8":{"start":{"line":19,"column":4},"end":{"line":34,"column":5}},"9":{"start":{"line":20,"column":6},"end":{"line":22,"column":9}},"10":{"start":{"line":24,"column":6},"end":{"line":33,"column":9}},"11":{"start":{"line":26,"column":10},"end":{"line":26,"column":25}},"12":{"start":{"line":29,"column":8},"end":{"line":32,"column":10}},"13":{"start":{"line":37,"column":4},"end":{"line":39,"column":7}},"14":{"start":{"line":43,"column":0},"end":{"line":66,"column":2}},"15":{"start":{"line":45,"column":2},"end":{"line":48,"column":3}},"16":{"start":{"line":46,"column":4},"end":{"line":46,"column":83}},"17":{"start":{"line":47,"column":4},"end":{"line":47,"column":11}},"18":{"start":{"line":51,"column":2},"end":{"line":65,"column":7}},"19":{"start":{"line":53,"column":6},"end":{"line":56,"column":7}},"20":{"start":{"line":54,"column":8},"end":{"line":54,"column":68}},"21":{"start":{"line":55,"column":8},"end":{"line":55,"column":15}},"22":{"start":{"line":57,"column":6},"end":{"line":57,"column":69}},"23":{"start":{"line":60,"column":6},"end":{"line":64,"column":7}},"24":{"start":{"line":61,"column":8},"end":{"line":61,"column":68}},"25":{"start":{"line":63,"column":8},"end":{"line":63,"column":75}}},"fnMap":{"0":{"name":"(anonymous_0)","decl":{"start":{"line":5,"column":17},"end":{"line":5,"column":18}},"loc":{"start":{"line":5,"column":31},"end":{"line":41,"column":1}},"line":5},"1":{"name":"(anonymous_1)","decl":{"start":{"line":18,"column":8},"end":{"line":18,"column":9}},"loc":{"start":{"line":18,"column":26},"end":{"line":35,"column":3}},"line":18},"2":{"name":"(anonymous_2)","decl":{"start":{"line":25,"column":12},"end":{"line":25,"column":13}},"loc":{"start":{"line":25,"column":20},"end":{"line":27,"column":7}},"line":25},"3":{"name":"(anonymous_3)","decl":{"start":{"line":28,"column":13},"end":{"line":28,"column":14}},"loc":{"start":{"line":28,"column":20},"end":{"line":33,"column":7}},"line":28},"4":{"name":"(anonymous_4)","decl":{"start":{"line":36,"column":9},"end":{"line":36,"column":10}},"loc":{"start":{"line":36,"column":18},"end":{"line":40,"column":3}},"line":36},"5":{"name":"(anonymous_5)","decl":{"start":{"line":43,"column":31},"end":{"line":43,"column":32}},"loc":{"start":{"line":43,"column":45},"end":{"line":66,"column":1}},"line":43},"6":{"name":"(anonymous_6)","decl":{"start":{"line":52,"column":10},"end":{"line":52,"column":11}},"loc":{"start":{"line":52,"column":27},"end":{"line":58,"column":5}},"line":52},"7":{"name":"(anonymous_7)","decl":{"start":{"line":59,"column":11},"end":{"line":59,"column":12}},"loc":{"start":{"line":59,"column":20},"end":{"line":65,"column":5}},"line":59}},"branchMap":{"0":{"loc":{"start":{"line":7,"column":2},"end":{"line":10,"column":3}},"type":"if","locations":[{"start":{"line":7,"column":2},"end":{"line":10,"column":3}},{"start":{},"end":{}}],"line":7},"1":{"loc":{"start":{"line":7,"column":6},"end":{"line":7,"column":47}},"type":"binary-expr","locations":[{"start":{"line":7,"column":6},"end":{"line":7,"column":25}},{"start":{"line":7,"column":29},"end":{"line":7,"column":47}}],"line":7},"2":{"loc":{"start":{"line":19,"column":4},"end":{"line":34,"column":5}},"type":"if","locations":[{"start":{"line":19,"column":4},"end":{"line":34,"column":5}},{"start":{"line":23,"column":11},"end":{"line":34,"column":5}}],"line":19},"3":{"loc":{"start":{"line":31,"column":12},"end":{"line":31,"column":79}},"type":"binary-expr","locations":[{"start":{"line":31,"column":12},"end":{"line":31,"column":23}},{"start":{"line":31,"column":27},"end":{"line":31,"column":79}}],"line":31},"4":{"loc":{"start":{"line":38,"column":15},"end":{"line":38,"column":97}},"type":"binary-expr","locations":[{"start":{"line":38,"column":15},"end":{"line":38,"column":26}},{"start":{"line":38,"column":30},"end":{"line":38,"column":97}}],"line":38},"5":{"loc":{"start":{"line":45,"column":2},"end":{"line":48,"column":3}},"type":"if","locations":[{"start":{"line":45,"column":2},"end":{"line":48,"column":3}},{"start":{},"end":{}}],"line":45},"6":{"loc":{"start":{"line":45,"column":6},"end":{"line":45,"column":51}},"type":"binary-expr","locations":[{"start":{"line":45,"column":6},"end":{"line":45,"column":27}},{"start":{"line":45,"column":31},"end":{"line":45,"column":51}}],"line":45},"7":{"loc":{"start":{"line":53,"column":6},"end":{"line":56,"column":7}},"type":"if","locations":[{"start":{"line":53,"column":6},"end":{"line":56,"column":7}},{"start":{},"end":{}}],"line":53},"8":{"loc":{"start":{"line":60,"column":6},"end":{"line":64,"column":7}},"type":"if","locations":[{"start":{"line":60,"column":6},"end":{"line":64,"column":7}},{"start":{"line":62,"column":13},"end":{"line":64,"column":7}}],"line":60},"9":{"loc":{"start":{"line":60,"column":10},"end":{"line":60,"column":60}},"type":"binary-expr","locations":[{"start":{"line":60,"column":10},"end":{"line":60,"column":33}},{"start":{"line":60,"column":37},"end":{"line":60,"column":60}}],"line":60}},"s":{"0":1,"1":1,"2":1,"3":1,"4":0,"5":0,"6":1,"7":1,"8":1,"9":0,"10":1,"11":1,"12":0,"13":0,"14":1,"15":1,"16":0,"17":0,"18":1,"19":1,"20":0,"21":0,"22":1,"23":0,"24":0,"25":0},"f":{"0":1,"1":1,"2":1,"3":0,"4":0,"5":1,"6":1,"7":0},"b":{"0":[0,1],"1":[1,1],"2":[0,1],"3":[0,0],"4":[0,0],"5":[0,1],"6":[1,1],"7":[0,1],"8":[0,0],"9":[0,0]},"_coverageSchema":"1a1c01bbd47fc00a2c39e90264f33305004495a9","hash":"b13c4ee375597780b2a2420573ecfb86cf85195d"}
,"C:\\Users\\Martin\\Desktop\\Universita\\ingegneria\\front-end\\app\\controllers\\rating_course.controller.js": {"path":"C:\\Users\\Martin\\Desktop\\Universita\\ingegneria\\front-end\\app\\controllers\\rating_course.controller.js","statementMap":{"0":{"start":{"line":1,"column":11},"end":{"line":1,"column":31}},"1":{"start":{"line":2,"column":22},"end":{"line":2,"column":38}},"2":{"start":{"line":3,"column":15},"end":{"line":3,"column":24}},"3":{"start":{"line":6,"column":0},"end":{"line":43,"column":2}},"4":{"start":{"line":8,"column":2},"end":{"line":11,"column":3}},"5":{"start":{"line":9,"column":4},"end":{"line":9,"column":67}},"6":{"start":{"line":10,"column":4},"end":{"line":10,"column":11}},"7":{"start":{"line":13,"column":24},"end":{"line":16,"column":4}},"8":{"start":{"line":18,"column":2},"end":{"line":42,"column":5}},"9":{"start":{"line":20,"column":4},"end":{"line":36,"column":5}},"10":{"start":{"line":21,"column":6},"end":{"line":23,"column":9}},"11":{"start":{"line":25,"column":6},"end":{"line":35,"column":9}},"12":{"start":{"line":27,"column":8},"end":{"line":27,"column":45}},"13":{"start":{"line":28,"column":10},"end":{"line":28,"column":25}},"14":{"start":{"line":31,"column":8},"end":{"line":34,"column":10}},"15":{"start":{"line":39,"column":4},"end":{"line":41,"column":7}},"16":{"start":{"line":46,"column":0},"end":{"line":60,"column":2}},"17":{"start":{"line":47,"column":2},"end":{"line":50,"column":3}},"18":{"start":{"line":48,"column":4},"end":{"line":48,"column":67}},"19":{"start":{"line":49,"column":4},"end":{"line":49,"column":11}},"20":{"start":{"line":52,"column":2},"end":{"line":59,"column":5}},"21":{"start":{"line":54,"column":4},"end":{"line":54,"column":41}},"22":{"start":{"line":55,"column":4},"end":{"line":55,"column":69}},"23":{"start":{"line":58,"column":4},"end":{"line":58,"column":101}},"24":{"start":{"line":62,"column":0},"end":{"line":79,"column":2}},"25":{"start":{"line":64,"column":2},"end":{"line":78,"column":7}},"26":{"start":{"line":71,"column":6},"end":{"line":71,"column":45}},"27":{"start":{"line":72,"column":6},"end":{"line":72,"column":23}},"28":{"start":{"line":75,"column":6},"end":{"line":77,"column":9}},"29":{"start":{"line":81,"column":27},"end":{"line":106,"column":1}},"30":{"start":{"line":83,"column":2},"end":{"line":105,"column":7}},"31":{"start":{"line":86,"column":24},"end":{"line":86,"column":84}},"32":{"start":{"line":86,"column":56},"end":{"line":86,"column":80}},"33":{"start":{"line":87,"column":26},"end":{"line":87,"column":40}},"34":{"start":{"line":88,"column":24},"end":{"line":88,"column":47}},"35":{"start":{"line":91,"column":6},"end":{"line":101,"column":11}},"36":{"start":{"line":97,"column":10},"end":{"line":97,"column":85}},"37":{"start":{"line":100,"column":10},"end":{"line":100,"column":86}},"38":{"start":{"line":104,"column":6},"end":{"line":104,"column":82}}},"fnMap":{"0":{"name":"(anonymous_0)","decl":{"start":{"line":6,"column":17},"end":{"line":6,"column":18}},"loc":{"start":{"line":6,"column":31},"end":{"line":43,"column":1}},"line":6},"1":{"name":"(anonymous_1)","decl":{"start":{"line":19,"column":8},"end":{"line":19,"column":9}},"loc":{"start":{"line":19,"column":26},"end":{"line":37,"column":3}},"line":19},"2":{"name":"(anonymous_2)","decl":{"start":{"line":26,"column":12},"end":{"line":26,"column":13}},"loc":{"start":{"line":26,"column":20},"end":{"line":29,"column":7}},"line":26},"3":{"name":"(anonymous_3)","decl":{"start":{"line":30,"column":13},"end":{"line":30,"column":14}},"loc":{"start":{"line":30,"column":20},"end":{"line":35,"column":7}},"line":30},"4":{"name":"(anonymous_4)","decl":{"start":{"line":38,"column":9},"end":{"line":38,"column":10}},"loc":{"start":{"line":38,"column":18},"end":{"line":42,"column":3}},"line":38},"5":{"name":"(anonymous_5)","decl":{"start":{"line":46,"column":17},"end":{"line":46,"column":18}},"loc":{"start":{"line":46,"column":31},"end":{"line":60,"column":1}},"line":46},"6":{"name":"(anonymous_6)","decl":{"start":{"line":53,"column":8},"end":{"line":53,"column":9}},"loc":{"start":{"line":53,"column":14},"end":{"line":56,"column":3}},"line":53},"7":{"name":"(anonymous_7)","decl":{"start":{"line":57,"column":9},"end":{"line":57,"column":10}},"loc":{"start":{"line":57,"column":18},"end":{"line":59,"column":3}},"line":57},"8":{"name":"(anonymous_8)","decl":{"start":{"line":62,"column":24},"end":{"line":62,"column":25}},"loc":{"start":{"line":62,"column":38},"end":{"line":79,"column":1}},"line":62},"9":{"name":"(anonymous_9)","decl":{"start":{"line":70,"column":10},"end":{"line":70,"column":11}},"loc":{"start":{"line":70,"column":22},"end":{"line":73,"column":5}},"line":70},"10":{"name":"(anonymous_10)","decl":{"start":{"line":74,"column":11},"end":{"line":74,"column":12}},"loc":{"start":{"line":74,"column":20},"end":{"line":78,"column":5}},"line":74},"11":{"name":"(anonymous_11)","decl":{"start":{"line":81,"column":27},"end":{"line":81,"column":28}},"loc":{"start":{"line":81,"column":41},"end":{"line":106,"column":1}},"line":81},"12":{"name":"(anonymous_12)","decl":{"start":{"line":84,"column":10},"end":{"line":84,"column":11}},"loc":{"start":{"line":84,"column":23},"end":{"line":102,"column":5}},"line":84},"13":{"name":"(anonymous_13)","decl":{"start":{"line":86,"column":39},"end":{"line":86,"column":40}},"loc":{"start":{"line":86,"column":56},"end":{"line":86,"column":80}},"line":86},"14":{"name":"(anonymous_14)","decl":{"start":{"line":96,"column":14},"end":{"line":96,"column":15}},"loc":{"start":{"line":96,"column":26},"end":{"line":98,"column":9}},"line":96},"15":{"name":"(anonymous_15)","decl":{"start":{"line":99,"column":15},"end":{"line":99,"column":16}},"loc":{"start":{"line":99,"column":24},"end":{"line":101,"column":9}},"line":99},"16":{"name":"(anonymous_16)","decl":{"start":{"line":103,"column":11},"end":{"line":103,"column":12}},"loc":{"start":{"line":103,"column":20},"end":{"line":105,"column":5}},"line":103}},"branchMap":{"0":{"loc":{"start":{"line":8,"column":2},"end":{"line":11,"column":3}},"type":"if","locations":[{"start":{"line":8,"column":2},"end":{"line":11,"column":3}},{"start":{},"end":{}}],"line":8},"1":{"loc":{"start":{"line":8,"column":6},"end":{"line":8,"column":47}},"type":"binary-expr","locations":[{"start":{"line":8,"column":6},"end":{"line":8,"column":25}},{"start":{"line":8,"column":29},"end":{"line":8,"column":47}}],"line":8},"2":{"loc":{"start":{"line":20,"column":4},"end":{"line":36,"column":5}},"type":"if","locations":[{"start":{"line":20,"column":4},"end":{"line":36,"column":5}},{"start":{"line":24,"column":11},"end":{"line":36,"column":5}}],"line":20},"3":{"loc":{"start":{"line":33,"column":12},"end":{"line":33,"column":79}},"type":"binary-expr","locations":[{"start":{"line":33,"column":12},"end":{"line":33,"column":23}},{"start":{"line":33,"column":27},"end":{"line":33,"column":79}}],"line":33},"4":{"loc":{"start":{"line":40,"column":15},"end":{"line":40,"column":94}},"type":"binary-expr","locations":[{"start":{"line":40,"column":15},"end":{"line":40,"column":26}},{"start":{"line":40,"column":30},"end":{"line":40,"column":94}}],"line":40},"5":{"loc":{"start":{"line":47,"column":2},"end":{"line":50,"column":3}},"type":"if","locations":[{"start":{"line":47,"column":2},"end":{"line":50,"column":3}},{"start":{},"end":{}}],"line":47},"6":{"loc":{"start":{"line":47,"column":6},"end":{"line":47,"column":47}},"type":"binary-expr","locations":[{"start":{"line":47,"column":6},"end":{"line":47,"column":25}},{"start":{"line":47,"column":29},"end":{"line":47,"column":47}}],"line":47},"7":{"loc":{"start":{"line":58,"column":36},"end":{"line":58,"column":97}},"type":"binary-expr","locations":[{"start":{"line":58,"column":36},"end":{"line":58,"column":47}},{"start":{"line":58,"column":51},"end":{"line":58,"column":97}}],"line":58}},"s":{"0":1,"1":1,"2":1,"3":1,"4":0,"5":0,"6":0,"7":0,"8":0,"9":0,"10":0,"11":0,"12":0,"13":0,"14":0,"15":0,"16":1,"17":0,"18":0,"19":0,"20":0,"21":0,"22":0,"23":0,"24":1,"25":0,"26":0,"27":0,"28":0,"29":1,"30":0,"31":0,"32":0,"33":0,"34":0,"35":0,"36":0,"37":0,"38":0},"f":{"0":0,"1":0,"2":0,"3":0,"4":0,"5":0,"6":0,"7":0,"8":0,"9":0,"10":0,"11":0,"12":0,"13":0,"14":0,"15":0,"16":0},"b":{"0":[0,0],"1":[0,0],"2":[0,0],"3":[0,0],"4":[0,0],"5":[0,0],"6":[0,0],"7":[0,0]},"_coverageSchema":"1a1c01bbd47fc00a2c39e90264f33305004495a9","hash":"2016837b29a77b40a51b83a97d15be9ea88b8326"}
,"C:\\Users\\Martin\\Desktop\\Universita\\ingegneria\\front-end\\app\\controllers\\user.controller.js": {"path":"C:\\Users\\Martin\\Desktop\\Universita\\ingegneria\\front-end\\app\\controllers\\user.controller.js","statementMap":{"0":{"start":{"line":1,"column":11},"end":{"line":1,"column":31}},"1":{"start":{"line":2,"column":13},"end":{"line":2,"column":20}},"2":{"start":{"line":3,"column":25},"end":{"line":3,"column":44}},"3":{"start":{"line":4,"column":15},"end":{"line":4,"column":24}},"4":{"start":{"line":8,"column":0},"end":{"line":31,"column":2}},"5":{"start":{"line":10,"column":2},"end":{"line":13,"column":3}},"6":{"start":{"line":11,"column":4},"end":{"line":11,"column":67}},"7":{"start":{"line":12,"column":4},"end":{"line":12,"column":11}},"8":{"start":{"line":15,"column":15},"end":{"line":18,"column":4}},"9":{"start":{"line":21,"column":2},"end":{"line":30,"column":7}},"10":{"start":{"line":24,"column":6},"end":{"line":24,"column":21}},"11":{"start":{"line":27,"column":6},"end":{"line":29,"column":9}},"12":{"start":{"line":33,"column":0},"end":{"line":47,"column":2}},"13":{"start":{"line":34,"column":15},"end":{"line":34,"column":29}},"14":{"start":{"line":35,"column":18},"end":{"line":35,"column":83}},"15":{"start":{"line":37,"column":2},"end":{"line":46,"column":7}},"16":{"start":{"line":39,"column":6},"end":{"line":39,"column":21}},"17":{"start":{"line":42,"column":6},"end":{"line":45,"column":9}},"18":{"start":{"line":50,"column":0},"end":{"line":96,"column":2}},"19":{"start":{"line":52,"column":2},"end":{"line":55,"column":3}},"20":{"start":{"line":53,"column":4},"end":{"line":53,"column":67}},"21":{"start":{"line":54,"column":4},"end":{"line":54,"column":11}},"22":{"start":{"line":58,"column":2},"end":{"line":95,"column":7}},"23":{"start":{"line":61,"column":24},"end":{"line":61,"column":90}},"24":{"start":{"line":61,"column":58},"end":{"line":61,"column":89}},"25":{"start":{"line":63,"column":19},"end":{"line":63,"column":33}},"26":{"start":{"line":64,"column":22},"end":{"line":64,"column":87}},"27":{"start":{"line":66,"column":6},"end":{"line":89,"column":11}},"28":{"start":{"line":70,"column":41},"end":{"line":81,"column":12}},"29":{"start":{"line":71,"column":12},"end":{"line":80,"column":13}},"30":{"start":{"line":82,"column":10},"end":{"line":82,"column":43}},"31":{"start":{"line":85,"column":10},"end":{"line":88,"column":13}},"32":{"start":{"line":92,"column":6},"end":{"line":94,"column":9}},"33":{"start":{"line":99,"column":0},"end":{"line":144,"column":2}},"34":{"start":{"line":101,"column":2},"end":{"line":104,"column":3}},"35":{"start":{"line":102,"column":4},"end":{"line":102,"column":67}},"36":{"start":{"line":103,"column":4},"end":{"line":103,"column":11}},"37":{"start":{"line":107,"column":2},"end":{"line":143,"column":7}},"38":{"start":{"line":110,"column":24},"end":{"line":110,"column":90}},"39":{"start":{"line":110,"column":58},"end":{"line":110,"column":89}},"40":{"start":{"line":112,"column":21},"end":{"line":112,"column":36}},"41":{"start":{"line":114,"column":6},"end":{"line":137,"column":11}},"42":{"start":{"line":118,"column":41},"end":{"line":129,"column":12}},"43":{"start":{"line":119,"column":12},"end":{"line":128,"column":13}},"44":{"start":{"line":130,"column":10},"end":{"line":130,"column":43}},"45":{"start":{"line":133,"column":10},"end":{"line":136,"column":13}},"46":{"start":{"line":140,"column":6},"end":{"line":142,"column":9}},"47":{"start":{"line":147,"column":0},"end":{"line":189,"column":2}},"48":{"start":{"line":149,"column":2},"end":{"line":152,"column":3}},"49":{"start":{"line":150,"column":4},"end":{"line":150,"column":67}},"50":{"start":{"line":151,"column":4},"end":{"line":151,"column":11}},"51":{"start":{"line":155,"column":2},"end":{"line":188,"column":7}},"52":{"start":{"line":158,"column":24},"end":{"line":158,"column":79}},"53":{"start":{"line":158,"column":58},"end":{"line":158,"column":78}},"54":{"start":{"line":161,"column":6},"end":{"line":182,"column":11}},"55":{"start":{"line":164,"column":41},"end":{"line":175,"column":12}},"56":{"start":{"line":165,"column":12},"end":{"line":174,"column":13}},"57":{"start":{"line":176,"column":10},"end":{"line":176,"column":43}},"58":{"start":{"line":179,"column":10},"end":{"line":181,"column":13}},"59":{"start":{"line":185,"column":6},"end":{"line":187,"column":9}}},"fnMap":{"0":{"name":"(anonymous_0)","decl":{"start":{"line":8,"column":17},"end":{"line":8,"column":18}},"loc":{"start":{"line":8,"column":31},"end":{"line":31,"column":1}},"line":8},"1":{"name":"(anonymous_1)","decl":{"start":{"line":23,"column":10},"end":{"line":23,"column":11}},"loc":{"start":{"line":23,"column":20},"end":{"line":25,"column":5}},"line":23},"2":{"name":"(anonymous_2)","decl":{"start":{"line":26,"column":11},"end":{"line":26,"column":12}},"loc":{"start":{"line":26,"column":20},"end":{"line":30,"column":5}},"line":26},"3":{"name":"(anonymous_3)","decl":{"start":{"line":33,"column":18},"end":{"line":33,"column":19}},"loc":{"start":{"line":33,"column":32},"end":{"line":47,"column":1}},"line":33},"4":{"name":"(anonymous_4)","decl":{"start":{"line":38,"column":10},"end":{"line":38,"column":11}},"loc":{"start":{"line":38,"column":18},"end":{"line":40,"column":5}},"line":38},"5":{"name":"(anonymous_5)","decl":{"start":{"line":41,"column":11},"end":{"line":41,"column":12}},"loc":{"start":{"line":41,"column":18},"end":{"line":46,"column":5}},"line":41},"6":{"name":"(anonymous_6)","decl":{"start":{"line":50,"column":29},"end":{"line":50,"column":30}},"loc":{"start":{"line":50,"column":43},"end":{"line":96,"column":1}},"line":50},"7":{"name":"(anonymous_7)","decl":{"start":{"line":59,"column":10},"end":{"line":59,"column":11}},"loc":{"start":{"line":59,"column":28},"end":{"line":90,"column":5}},"line":59},"8":{"name":"(anonymous_8)","decl":{"start":{"line":61,"column":41},"end":{"line":61,"column":42}},"loc":{"start":{"line":61,"column":58},"end":{"line":61,"column":89}},"line":61},"9":{"name":"(anonymous_9)","decl":{"start":{"line":69,"column":14},"end":{"line":69,"column":15}},"loc":{"start":{"line":69,"column":22},"end":{"line":83,"column":9}},"line":69},"10":{"name":"(anonymous_10)","decl":{"start":{"line":70,"column":50},"end":{"line":70,"column":51}},"loc":{"start":{"line":70,"column":62},"end":{"line":81,"column":11}},"line":70},"11":{"name":"(anonymous_11)","decl":{"start":{"line":84,"column":15},"end":{"line":84,"column":16}},"loc":{"start":{"line":84,"column":22},"end":{"line":89,"column":9}},"line":84},"12":{"name":"(anonymous_12)","decl":{"start":{"line":91,"column":11},"end":{"line":91,"column":12}},"loc":{"start":{"line":91,"column":20},"end":{"line":95,"column":5}},"line":91},"13":{"name":"(anonymous_13)","decl":{"start":{"line":99,"column":43},"end":{"line":99,"column":44}},"loc":{"start":{"line":99,"column":57},"end":{"line":144,"column":1}},"line":99},"14":{"name":"(anonymous_14)","decl":{"start":{"line":108,"column":10},"end":{"line":108,"column":11}},"loc":{"start":{"line":108,"column":28},"end":{"line":138,"column":5}},"line":108},"15":{"name":"(anonymous_15)","decl":{"start":{"line":110,"column":41},"end":{"line":110,"column":42}},"loc":{"start":{"line":110,"column":58},"end":{"line":110,"column":89}},"line":110},"16":{"name":"(anonymous_16)","decl":{"start":{"line":117,"column":14},"end":{"line":117,"column":15}},"loc":{"start":{"line":117,"column":22},"end":{"line":131,"column":9}},"line":117},"17":{"name":"(anonymous_17)","decl":{"start":{"line":118,"column":50},"end":{"line":118,"column":51}},"loc":{"start":{"line":118,"column":62},"end":{"line":129,"column":11}},"line":118},"18":{"name":"(anonymous_18)","decl":{"start":{"line":132,"column":15},"end":{"line":132,"column":16}},"loc":{"start":{"line":132,"column":22},"end":{"line":137,"column":9}},"line":132},"19":{"name":"(anonymous_19)","decl":{"start":{"line":139,"column":11},"end":{"line":139,"column":12}},"loc":{"start":{"line":139,"column":20},"end":{"line":143,"column":5}},"line":139},"20":{"name":"(anonymous_20)","decl":{"start":{"line":147,"column":32},"end":{"line":147,"column":33}},"loc":{"start":{"line":147,"column":46},"end":{"line":189,"column":1}},"line":147},"21":{"name":"(anonymous_21)","decl":{"start":{"line":156,"column":10},"end":{"line":156,"column":11}},"loc":{"start":{"line":156,"column":28},"end":{"line":183,"column":5}},"line":156},"22":{"name":"(anonymous_22)","decl":{"start":{"line":158,"column":41},"end":{"line":158,"column":42}},"loc":{"start":{"line":158,"column":58},"end":{"line":158,"column":78}},"line":158},"23":{"name":"(anonymous_23)","decl":{"start":{"line":163,"column":14},"end":{"line":163,"column":15}},"loc":{"start":{"line":163,"column":24},"end":{"line":177,"column":9}},"line":163},"24":{"name":"(anonymous_24)","decl":{"start":{"line":164,"column":50},"end":{"line":164,"column":51}},"loc":{"start":{"line":164,"column":62},"end":{"line":175,"column":11}},"line":164},"25":{"name":"(anonymous_25)","decl":{"start":{"line":178,"column":15},"end":{"line":178,"column":16}},"loc":{"start":{"line":178,"column":24},"end":{"line":182,"column":9}},"line":178},"26":{"name":"(anonymous_26)","decl":{"start":{"line":184,"column":11},"end":{"line":184,"column":12}},"loc":{"start":{"line":184,"column":20},"end":{"line":188,"column":5}},"line":184}},"branchMap":{"0":{"loc":{"start":{"line":10,"column":2},"end":{"line":13,"column":3}},"type":"if","locations":[{"start":{"line":10,"column":2},"end":{"line":13,"column":3}},{"start":{},"end":{}}],"line":10},"1":{"loc":{"start":{"line":10,"column":6},"end":{"line":10,"column":41}},"type":"binary-expr","locations":[{"start":{"line":10,"column":6},"end":{"line":10,"column":20}},{"start":{"line":10,"column":24},"end":{"line":10,"column":41}}],"line":10},"2":{"loc":{"start":{"line":28,"column":17},"end":{"line":28,"column":78}},"type":"binary-expr","locations":[{"start":{"line":28,"column":17},"end":{"line":28,"column":28}},{"start":{"line":28,"column":32},"end":{"line":28,"column":78}}],"line":28},"3":{"loc":{"start":{"line":35,"column":18},"end":{"line":35,"column":83}},"type":"cond-expr","locations":[{"start":{"line":35,"column":25},"end":{"line":35,"column":78}},{"start":{"line":35,"column":81},"end":{"line":35,"column":83}}],"line":35},"4":{"loc":{"start":{"line":44,"column":10},"end":{"line":44,"column":70}},"type":"binary-expr","locations":[{"start":{"line":44,"column":10},"end":{"line":44,"column":21}},{"start":{"line":44,"column":25},"end":{"line":44,"column":70}}],"line":44},"5":{"loc":{"start":{"line":52,"column":2},"end":{"line":55,"column":3}},"type":"if","locations":[{"start":{"line":52,"column":2},"end":{"line":55,"column":3}},{"start":{},"end":{}}],"line":52},"6":{"loc":{"start":{"line":64,"column":22},"end":{"line":64,"column":87}},"type":"cond-expr","locations":[{"start":{"line":64,"column":29},"end":{"line":64,"column":82}},{"start":{"line":64,"column":85},"end":{"line":64,"column":87}}],"line":64},"7":{"loc":{"start":{"line":87,"column":14},"end":{"line":87,"column":76}},"type":"binary-expr","locations":[{"start":{"line":87,"column":14},"end":{"line":87,"column":25}},{"start":{"line":87,"column":29},"end":{"line":87,"column":76}}],"line":87},"8":{"loc":{"start":{"line":101,"column":2},"end":{"line":104,"column":3}},"type":"if","locations":[{"start":{"line":101,"column":2},"end":{"line":104,"column":3}},{"start":{},"end":{}}],"line":101},"9":{"loc":{"start":{"line":135,"column":14},"end":{"line":135,"column":76}},"type":"binary-expr","locations":[{"start":{"line":135,"column":14},"end":{"line":135,"column":25}},{"start":{"line":135,"column":29},"end":{"line":135,"column":76}}],"line":135},"10":{"loc":{"start":{"line":149,"column":2},"end":{"line":152,"column":3}},"type":"if","locations":[{"start":{"line":149,"column":2},"end":{"line":152,"column":3}},{"start":{},"end":{}}],"line":149}},"s":{"0":1,"1":1,"2":1,"3":1,"4":1,"5":1,"6":0,"7":0,"8":1,"9":1,"10":1,"11":0,"12":1,"13":2,"14":2,"15":2,"16":2,"17":0,"18":1,"19":0,"20":0,"21":0,"22":0,"23":0,"24":0,"25":0,"26":0,"27":0,"28":0,"29":0,"30":0,"31":0,"32":0,"33":1,"34":0,"35":0,"36":0,"37":0,"38":0,"39":0,"40":0,"41":0,"42":0,"43":0,"44":0,"45":0,"46":0,"47":1,"48":0,"49":0,"50":0,"51":0,"52":0,"53":0,"54":0,"55":0,"56":0,"57":0,"58":0,"59":0},"f":{"0":1,"1":1,"2":0,"3":2,"4":2,"5":0,"6":0,"7":0,"8":0,"9":0,"10":0,"11":0,"12":0,"13":0,"14":0,"15":0,"16":0,"17":0,"18":0,"19":0,"20":0,"21":0,"22":0,"23":0,"24":0,"25":0,"26":0},"b":{"0":[0,1],"1":[1,1],"2":[0,0],"3":[1,1],"4":[0,0],"5":[0,0],"6":[0,0],"7":[0,0],"8":[0,0],"9":[0,0],"10":[0,0]},"_coverageSchema":"1a1c01bbd47fc00a2c39e90264f33305004495a9","hash":"17dbd06c6bacbe8bef301e4d845b96a518d4ec00"}
,"C:\\Users\\Martin\\Desktop\\Universita\\ingegneria\\front-end\\app\\models\\course.model.js": {"path":"C:\\Users\\Martin\\Desktop\\Universita\\ingegneria\\front-end\\app\\models\\course.model.js","statementMap":{"0":{"start":{"line":1,"column":16},"end":{"line":1,"column":35}},"1":{"start":{"line":2,"column":14},"end":{"line":2,"column":30}},"2":{"start":{"line":4,"column":0},"end":{"line":24,"column":2}},"3":{"start":{"line":5,"column":15},"end":{"line":14,"column":3}},"4":{"start":{"line":16,"column":2},"end":{"line":20,"column":5}},"5":{"start":{"line":17,"column":36},"end":{"line":17,"column":51}},"6":{"start":{"line":18,"column":4},"end":{"line":18,"column":20}},"7":{"start":{"line":19,"column":4},"end":{"line":19,"column":18}},"8":{"start":{"line":22,"column":17},"end":{"line":22,"column":49}},"9":{"start":{"line":23,"column":2},"end":{"line":23,"column":16}}},"fnMap":{"0":{"name":"(anonymous_0)","decl":{"start":{"line":4,"column":17},"end":{"line":4,"column":18}},"loc":{"start":{"line":4,"column":29},"end":{"line":24,"column":1}},"line":4},"1":{"name":"(anonymous_1)","decl":{"start":{"line":16,"column":26},"end":{"line":16,"column":27}},"loc":{"start":{"line":16,"column":37},"end":{"line":20,"column":3}},"line":16}},"branchMap":{},"s":{"0":1,"1":1,"2":1,"3":1,"4":1,"5":1,"6":1,"7":1,"8":1,"9":1},"f":{"0":1,"1":1},"b":{},"_coverageSchema":"1a1c01bbd47fc00a2c39e90264f33305004495a9","hash":"fa9e311464e3994d6190f12fb12e9118653e2bb2"}
,"C:\\Users\\Martin\\Desktop\\Universita\\ingegneria\\front-end\\app\\models\\favourite_course.model.js": {"path":"C:\\Users\\Martin\\Desktop\\Universita\\ingegneria\\front-end\\app\\models\\favourite_course.model.js","statementMap":{"0":{"start":{"line":1,"column":15},"end":{"line":1,"column":34}},"1":{"start":{"line":2,"column":13},"end":{"line":2,"column":28}},"2":{"start":{"line":3,"column":0},"end":{"line":20,"column":2}},"3":{"start":{"line":4,"column":15},"end":{"line":10,"column":3}},"4":{"start":{"line":12,"column":2},"end":{"line":16,"column":5}},"5":{"start":{"line":13,"column":36},"end":{"line":13,"column":51}},"6":{"start":{"line":14,"column":4},"end":{"line":14,"column":20}},"7":{"start":{"line":15,"column":4},"end":{"line":15,"column":18}},"8":{"start":{"line":18,"column":15},"end":{"line":18,"column":57}},"9":{"start":{"line":19,"column":2},"end":{"line":19,"column":14}}},"fnMap":{"0":{"name":"(anonymous_0)","decl":{"start":{"line":3,"column":17},"end":{"line":3,"column":18}},"loc":{"start":{"line":3,"column":29},"end":{"line":20,"column":1}},"line":3},"1":{"name":"(anonymous_1)","decl":{"start":{"line":12,"column":26},"end":{"line":12,"column":27}},"loc":{"start":{"line":12,"column":37},"end":{"line":16,"column":3}},"line":12}},"branchMap":{},"s":{"0":1,"1":1,"2":1,"3":1,"4":1,"5":1,"6":1,"7":1,"8":1,"9":1},"f":{"0":1,"1":1},"b":{},"_coverageSchema":"1a1c01bbd47fc00a2c39e90264f33305004495a9","hash":"f3b7df49a2c2ad2ec51da07d7160cd2dc581753e"}
,"C:\\Users\\Martin\\Desktop\\Universita\\ingegneria\\front-end\\app\\models\\index.js": {"path":"C:\\Users\\Martin\\Desktop\\Universita\\ingegneria\\front-end\\app\\models\\index.js","statementMap":{"0":{"start":{"line":1,"column":17},"end":{"line":1,"column":50}},"1":{"start":{"line":3,"column":17},"end":{"line":3,"column":36}},"2":{"start":{"line":4,"column":0},"end":{"line":4,"column":34}},"3":{"start":{"line":5,"column":0},"end":{"line":5,"column":34}},"4":{"start":{"line":7,"column":11},"end":{"line":7,"column":13}},"5":{"start":{"line":8,"column":0},"end":{"line":8,"column":23}},"6":{"start":{"line":9,"column":0},"end":{"line":9,"column":26}},"7":{"start":{"line":10,"column":0},"end":{"line":10,"column":51}},"8":{"start":{"line":11,"column":0},"end":{"line":11,"column":47}},"9":{"start":{"line":12,"column":0},"end":{"line":12,"column":71}},"10":{"start":{"line":13,"column":0},"end":{"line":13,"column":65}},"11":{"start":{"line":15,"column":0},"end":{"line":15,"column":20}}},"fnMap":{},"branchMap":{},"s":{"0":1,"1":1,"2":1,"3":1,"4":1,"5":1,"6":1,"7":1,"8":1,"9":1,"10":1,"11":1},"f":{},"b":{},"_coverageSchema":"1a1c01bbd47fc00a2c39e90264f33305004495a9","hash":"abf4544680e4573b811732bcd9c8cef5f169c9ec"}
,"C:\\Users\\Martin\\Desktop\\Universita\\ingegneria\\front-end\\app\\models\\rating_course.model.js": {"path":"C:\\Users\\Martin\\Desktop\\Universita\\ingegneria\\front-end\\app\\models\\rating_course.model.js","statementMap":{"0":{"start":{"line":1,"column":15},"end":{"line":1,"column":34}},"1":{"start":{"line":2,"column":13},"end":{"line":2,"column":28}},"2":{"start":{"line":3,"column":0},"end":{"line":21,"column":2}},"3":{"start":{"line":4,"column":15},"end":{"line":11,"column":3}},"4":{"start":{"line":13,"column":2},"end":{"line":17,"column":5}},"5":{"start":{"line":14,"column":36},"end":{"line":14,"column":51}},"6":{"start":{"line":15,"column":4},"end":{"line":15,"column":20}},"7":{"start":{"line":16,"column":4},"end":{"line":16,"column":18}},"8":{"start":{"line":19,"column":15},"end":{"line":19,"column":54}},"9":{"start":{"line":20,"column":2},"end":{"line":20,"column":14}}},"fnMap":{"0":{"name":"(anonymous_0)","decl":{"start":{"line":3,"column":17},"end":{"line":3,"column":18}},"loc":{"start":{"line":3,"column":29},"end":{"line":21,"column":1}},"line":3},"1":{"name":"(anonymous_1)","decl":{"start":{"line":13,"column":26},"end":{"line":13,"column":27}},"loc":{"start":{"line":13,"column":37},"end":{"line":17,"column":3}},"line":13}},"branchMap":{},"s":{"0":1,"1":1,"2":1,"3":1,"4":1,"5":0,"6":0,"7":0,"8":1,"9":1},"f":{"0":1,"1":0},"b":{},"_coverageSchema":"1a1c01bbd47fc00a2c39e90264f33305004495a9","hash":"60e92fe36d7eff02c2e54e85d731d9a49b286feb"}
,"C:\\Users\\Martin\\Desktop\\Universita\\ingegneria\\front-end\\app\\models\\user.model.js": {"path":"C:\\Users\\Martin\\Desktop\\Universita\\ingegneria\\front-end\\app\\models\\user.model.js","statementMap":{"0":{"start":{"line":1,"column":15},"end":{"line":1,"column":34}},"1":{"start":{"line":2,"column":13},"end":{"line":2,"column":28}},"2":{"start":{"line":4,"column":0},"end":{"line":21,"column":2}},"3":{"start":{"line":5,"column":15},"end":{"line":11,"column":3}},"4":{"start":{"line":13,"column":2},"end":{"line":17,"column":5}},"5":{"start":{"line":14,"column":36},"end":{"line":14,"column":51}},"6":{"start":{"line":15,"column":4},"end":{"line":15,"column":20}},"7":{"start":{"line":16,"column":4},"end":{"line":16,"column":18}},"8":{"start":{"line":19,"column":15},"end":{"line":19,"column":45}},"9":{"start":{"line":20,"column":2},"end":{"line":20,"column":14}}},"fnMap":{"0":{"name":"(anonymous_0)","decl":{"start":{"line":4,"column":17},"end":{"line":4,"column":18}},"loc":{"start":{"line":4,"column":29},"end":{"line":21,"column":1}},"line":4},"1":{"name":"(anonymous_1)","decl":{"start":{"line":13,"column":26},"end":{"line":13,"column":27}},"loc":{"start":{"line":13,"column":37},"end":{"line":17,"column":3}},"line":13}},"branchMap":{},"s":{"0":1,"1":1,"2":1,"3":1,"4":1,"5":46,"6":46,"7":46,"8":1,"9":1},"f":{"0":1,"1":46},"b":{},"_coverageSchema":"1a1c01bbd47fc00a2c39e90264f33305004495a9","hash":"6549a89c8aa365b1744a159c37491a59fda4595d"}
,"C:\\Users\\Martin\\Desktop\\Universita\\ingegneria\\front-end\\app\\routes\\course.routes.js": {"path":"C:\\Users\\Martin\\Desktop\\Universita\\ingegneria\\front-end\\app\\routes\\course.routes.js","statementMap":{"0":{"start":{"line":1,"column":0},"end":{"line":21,"column":4}},"1":{"start":{"line":2,"column":20},"end":{"line":2,"column":66}},"2":{"start":{"line":4,"column":17},"end":{"line":4,"column":44}},"3":{"start":{"line":7,"column":4},"end":{"line":7,"column":63}},"4":{"start":{"line":10,"column":4},"end":{"line":10,"column":39}},"5":{"start":{"line":13,"column":4},"end":{"line":13,"column":42}},"6":{"start":{"line":16,"column":4},"end":{"line":16,"column":42}},"7":{"start":{"line":18,"column":4},"end":{"line":18,"column":37}},"8":{"start":{"line":20,"column":4},"end":{"line":20,"column":36}}},"fnMap":{"0":{"name":"(anonymous_0)","decl":{"start":{"line":1,"column":17},"end":{"line":1,"column":18}},"loc":{"start":{"line":1,"column":24},"end":{"line":21,"column":3}},"line":1}},"branchMap":{},"s":{"0":1,"1":1,"2":1,"3":1,"4":1,"5":1,"6":1,"7":1,"8":1},"f":{"0":1},"b":{},"_coverageSchema":"1a1c01bbd47fc00a2c39e90264f33305004495a9","hash":"85e8357127ecdc52d43f5a8b3a264b7467e511c4"}
,"C:\\Users\\Martin\\Desktop\\Universita\\ingegneria\\front-end\\app\\routes\\favourite_course.routes.js": {"path":"C:\\Users\\Martin\\Desktop\\Universita\\ingegneria\\front-end\\app\\routes\\favourite_course.routes.js","statementMap":{"0":{"start":{"line":1,"column":0},"end":{"line":13,"column":4}},"1":{"start":{"line":2,"column":30},"end":{"line":2,"column":86}},"2":{"start":{"line":4,"column":17},"end":{"line":4,"column":44}},"3":{"start":{"line":7,"column":4},"end":{"line":7,"column":47}},"4":{"start":{"line":10,"column":4},"end":{"line":10,"column":83}},"5":{"start":{"line":12,"column":4},"end":{"line":12,"column":46}}},"fnMap":{"0":{"name":"(anonymous_0)","decl":{"start":{"line":1,"column":17},"end":{"line":1,"column":18}},"loc":{"start":{"line":1,"column":24},"end":{"line":13,"column":3}},"line":1}},"branchMap":{},"s":{"0":1,"1":1,"2":1,"3":1,"4":1,"5":1},"f":{"0":1},"b":{},"_coverageSchema":"1a1c01bbd47fc00a2c39e90264f33305004495a9","hash":"e40f14b0402d4a849e019d0fd29c0c1d50d43cd9"}
,"C:\\Users\\Martin\\Desktop\\Universita\\ingegneria\\front-end\\app\\routes\\rating_course.routes.js": {"path":"C:\\Users\\Martin\\Desktop\\Universita\\ingegneria\\front-end\\app\\routes\\rating_course.routes.js","statementMap":{"0":{"start":{"line":1,"column":0},"end":{"line":14,"column":4}},"1":{"start":{"line":2,"column":27},"end":{"line":2,"column":80}},"2":{"start":{"line":4,"column":17},"end":{"line":4,"column":44}},"3":{"start":{"line":7,"column":4},"end":{"line":7,"column":44}},"4":{"start":{"line":9,"column":4},"end":{"line":9,"column":70}},"5":{"start":{"line":11,"column":4},"end":{"line":11,"column":45}},"6":{"start":{"line":13,"column":4},"end":{"line":13,"column":43}}},"fnMap":{"0":{"name":"(anonymous_0)","decl":{"start":{"line":1,"column":17},"end":{"line":1,"column":18}},"loc":{"start":{"line":1,"column":24},"end":{"line":14,"column":3}},"line":1}},"branchMap":{},"s":{"0":1,"1":1,"2":1,"3":1,"4":1,"5":1,"6":1},"f":{"0":1},"b":{},"_coverageSchema":"1a1c01bbd47fc00a2c39e90264f33305004495a9","hash":"09b25d147312c53615288b58d671720e4f402d47"}
,"C:\\Users\\Martin\\Desktop\\Universita\\ingegneria\\front-end\\app\\routes\\user.routes.js": {"path":"C:\\Users\\Martin\\Desktop\\Universita\\ingegneria\\front-end\\app\\routes\\user.routes.js","statementMap":{"0":{"start":{"line":1,"column":0},"end":{"line":19,"column":4}},"1":{"start":{"line":2,"column":18},"end":{"line":2,"column":62}},"2":{"start":{"line":4,"column":17},"end":{"line":4,"column":44}},"3":{"start":{"line":7,"column":4},"end":{"line":7,"column":35}},"4":{"start":{"line":10,"column":4},"end":{"line":10,"column":35}},"5":{"start":{"line":12,"column":4},"end":{"line":12,"column":64}},"6":{"start":{"line":14,"column":4},"end":{"line":14,"column":84}},"7":{"start":{"line":16,"column":4},"end":{"line":16,"column":71}},"8":{"start":{"line":18,"column":4},"end":{"line":18,"column":34}}},"fnMap":{"0":{"name":"(anonymous_0)","decl":{"start":{"line":1,"column":17},"end":{"line":1,"column":18}},"loc":{"start":{"line":1,"column":24},"end":{"line":19,"column":3}},"line":1}},"branchMap":{},"s":{"0":1,"1":1,"2":1,"3":1,"4":1,"5":1,"6":1,"7":1,"8":1},"f":{"0":1},"b":{},"_coverageSchema":"1a1c01bbd47fc00a2c39e90264f33305004495a9","hash":"03a359db3d218cc60bb8813582037e6eea2dab0f"}
}
