TN:
SF:app.js
FN:15,(anonymous_0)
FN:18,(anonymous_1)
FNF:2
FNH:1
FNDA:1,(anonymous_0)
FNDA:0,(anonymous_1)
DA:1,1
DA:2,1
DA:3,1
DA:4,1
DA:5,1
DA:6,1
DA:8,1
DA:9,1
DA:10,1
DA:16,1
DA:19,0
DA:20,0
DA:22,1
DA:26,1
DA:29,1
DA:32,1
DA:34,1
DA:35,1
DA:36,1
DA:37,1
DA:40,1
LF:21
LH:19
BRF:0
BRH:0
end_of_record
TN:
SF:app\config\db.config.js
FNF:0
FNH:0
DA:1,1
LF:1
LH:1
BRF:0
BRH:0
end_of_record
TN:
SF:app\controllers\course.controller.js
FN:6,(anonymous_0)
FN:25,(anonymous_1)
FN:28,(anonymous_2)
FN:36,(anonymous_3)
FN:42,(anonymous_4)
FN:45,(anonymous_5)
FN:54,(anonymous_6)
FN:59,(anonymous_7)
FN:64,(anonymous_8)
FN:71,(anonymous_9)
FN:77,(anonymous_10)
FN:92,(anonymous_11)
FN:100,(anonymous_12)
FN:110,(anonymous_13)
FN:117,(anonymous_14)
FN:125,(anonymous_15)
FN:129,(anonymous_16)
FN:140,(anonymous_17)
FN:148,(anonymous_18)
FN:150,(anonymous_19)
FN:155,(anonymous_20)
FNF:21
FNH:4
FNDA:1,(anonymous_0)
FNDA:1,(anonymous_1)
FNDA:0,(anonymous_2)
FNDA:0,(anonymous_3)
FNDA:0,(anonymous_4)
FNDA:0,(anonymous_5)
FNDA:0,(anonymous_6)
FNDA:0,(anonymous_7)
FNDA:0,(anonymous_8)
FNDA:0,(anonymous_9)
FNDA:0,(anonymous_10)
FNDA:0,(anonymous_11)
FNDA:0,(anonymous_12)
FNDA:0,(anonymous_13)
FNDA:0,(anonymous_14)
FNDA:1,(anonymous_15)
FNDA:1,(anonymous_16)
FNDA:0,(anonymous_17)
FNDA:0,(anonymous_18)
FNDA:0,(anonymous_19)
FNDA:0,(anonymous_20)
DA:1,1
DA:2,1
DA:3,1
DA:6,1
DA:8,1
DA:9,0
DA:10,0
DA:14,1
DA:23,1
DA:26,1
DA:29,0
DA:36,1
DA:37,0
DA:38,0
DA:40,0
DA:43,0
DA:46,0
DA:54,1
DA:55,0
DA:57,0
DA:60,0
DA:61,0
DA:62,0
DA:65,0
DA:71,1
DA:72,0
DA:73,0
DA:75,0
DA:78,0
DA:79,0
DA:81,0
DA:82,0
DA:83,0
DA:84,0
DA:85,0
DA:87,0
DA:89,0
DA:93,0
DA:100,1
DA:101,0
DA:102,0
DA:107,0
DA:109,0
DA:111,0
DA:112,0
DA:115,0
DA:118,0
DA:125,1
DA:126,1
DA:128,1
DA:130,1
DA:131,0
DA:135,1
DA:141,0
DA:148,1
DA:149,0
DA:151,0
DA:156,0
LF:58
LH:18
BRDA:8,0,0,0
BRDA:8,0,1,1
BRDA:18,1,0,1
BRDA:18,1,1,0
BRDA:31,2,0,0
BRDA:31,2,1,0
BRDA:38,3,0,0
BRDA:38,3,1,0
BRDA:48,4,0,0
BRDA:48,4,1,0
BRDA:60,5,0,0
BRDA:60,5,1,0
BRDA:78,6,0,0
BRDA:78,6,1,0
BRDA:84,7,0,0
BRDA:84,7,1,0
BRDA:101,8,0,0
BRDA:101,8,1,0
BRDA:111,9,0,0
BRDA:111,9,1,0
BRDA:130,10,0,0
BRDA:130,10,1,1
BRDA:158,11,0,0
BRDA:158,11,1,0
BRF:24
BRH:3
end_of_record
TN:
SF:app\controllers\favourite_course.controller.js
FN:5,(anonymous_0)
FN:18,(anonymous_1)
FN:25,(anonymous_2)
FN:28,(anonymous_3)
FN:36,(anonymous_4)
FN:43,(anonymous_5)
FN:52,(anonymous_6)
FN:59,(anonymous_7)
FNF:8
FNH:5
FNDA:1,(anonymous_0)
FNDA:1,(anonymous_1)
FNDA:1,(anonymous_2)
FNDA:0,(anonymous_3)
FNDA:0,(anonymous_4)
FNDA:1,(anonymous_5)
FNDA:1,(anonymous_6)
FNDA:0,(anonymous_7)
DA:1,1
DA:2,1
DA:5,1
DA:7,1
DA:8,0
DA:9,0
DA:12,1
DA:17,1
DA:19,1
DA:20,0
DA:24,1
DA:26,1
DA:29,0
DA:37,0
DA:43,1
DA:45,1
DA:46,0
DA:47,0
DA:51,1
DA:53,1
DA:54,0
DA:55,0
DA:57,1
DA:60,0
DA:61,0
DA:63,0
LF:26
LH:14
BRDA:7,0,0,0
BRDA:7,0,1,1
BRDA:7,1,0,1
BRDA:7,1,1,1
BRDA:19,2,0,0
BRDA:19,2,1,1
BRDA:31,3,0,0
BRDA:31,3,1,0
BRDA:38,4,0,0
BRDA:38,4,1,0
BRDA:45,5,0,0
BRDA:45,5,1,1
BRDA:45,6,0,1
BRDA:45,6,1,1
BRDA:53,7,0,0
BRDA:53,7,1,1
BRDA:60,8,0,0
BRDA:60,8,1,0
BRDA:60,9,0,0
BRDA:60,9,1,0
BRF:20
BRH:8
end_of_record
TN:
SF:app\controllers\rating_course.controller.js
FN:6,(anonymous_0)
FN:19,(anonymous_1)
FN:26,(anonymous_2)
FN:30,(anonymous_3)
FN:38,(anonymous_4)
FN:46,(anonymous_5)
FN:53,(anonymous_6)
FN:57,(anonymous_7)
FN:62,(anonymous_8)
FN:70,(anonymous_9)
FN:74,(anonymous_10)
FN:81,(anonymous_11)
FN:84,(anonymous_12)
FN:86,(anonymous_13)
FN:96,(anonymous_14)
FN:99,(anonymous_15)
FN:103,(anonymous_16)
FNF:17
FNH:0
FNDA:0,(anonymous_0)
FNDA:0,(anonymous_1)
FNDA:0,(anonymous_2)
FNDA:0,(anonymous_3)
FNDA:0,(anonymous_4)
FNDA:0,(anonymous_5)
FNDA:0,(anonymous_6)
FNDA:0,(anonymous_7)
FNDA:0,(anonymous_8)
FNDA:0,(anonymous_9)
FNDA:0,(anonymous_10)
FNDA:0,(anonymous_11)
FNDA:0,(anonymous_12)
FNDA:0,(anonymous_13)
FNDA:0,(anonymous_14)
FNDA:0,(anonymous_15)
FNDA:0,(anonymous_16)
DA:1,1
DA:2,1
DA:3,1
DA:6,1
DA:8,0
DA:9,0
DA:10,0
DA:13,0
DA:18,0
DA:20,0
DA:21,0
DA:25,0
DA:27,0
DA:28,0
DA:31,0
DA:39,0
DA:46,1
DA:47,0
DA:48,0
DA:49,0
DA:52,0
DA:54,0
DA:55,0
DA:58,0
DA:62,1
DA:64,0
DA:71,0
DA:72,0
DA:75,0
DA:81,1
DA:83,0
DA:86,0
DA:87,0
DA:88,0
DA:91,0
DA:97,0
DA:100,0
DA:104,0
LF:38
LH:7
BRDA:8,0,0,0
BRDA:8,0,1,0
BRDA:8,1,0,0
BRDA:8,1,1,0
BRDA:20,2,0,0
BRDA:20,2,1,0
BRDA:33,3,0,0
BRDA:33,3,1,0
BRDA:40,4,0,0
BRDA:40,4,1,0
BRDA:47,5,0,0
BRDA:47,5,1,0
BRDA:47,6,0,0
BRDA:47,6,1,0
BRDA:58,7,0,0
BRDA:58,7,1,0
BRF:16
BRH:0
end_of_record
TN:
SF:app\controllers\user.controller.js
FN:8,(anonymous_0)
FN:23,(anonymous_1)
FN:26,(anonymous_2)
FN:33,(anonymous_3)
FN:38,(anonymous_4)
FN:41,(anonymous_5)
FN:50,(anonymous_6)
FN:59,(anonymous_7)
FN:61,(anonymous_8)
FN:69,(anonymous_9)
FN:70,(anonymous_10)
FN:84,(anonymous_11)
FN:91,(anonymous_12)
FN:99,(anonymous_13)
FN:108,(anonymous_14)
FN:110,(anonymous_15)
FN:117,(anonymous_16)
FN:118,(anonymous_17)
FN:132,(anonymous_18)
FN:139,(anonymous_19)
FN:147,(anonymous_20)
FN:156,(anonymous_21)
FN:158,(anonymous_22)
FN:163,(anonymous_23)
FN:164,(anonymous_24)
FN:178,(anonymous_25)
FN:184,(anonymous_26)
FNF:27
FNH:4
FNDA:1,(anonymous_0)
FNDA:1,(anonymous_1)
FNDA:0,(anonymous_2)
FNDA:2,(anonymous_3)
FNDA:2,(anonymous_4)
FNDA:0,(anonymous_5)
FNDA:0,(anonymous_6)
FNDA:0,(anonymous_7)
FNDA:0,(anonymous_8)
FNDA:0,(anonymous_9)
FNDA:0,(anonymous_10)
FNDA:0,(anonymous_11)
FNDA:0,(anonymous_12)
FNDA:0,(anonymous_13)
FNDA:0,(anonymous_14)
FNDA:0,(anonymous_15)
FNDA:0,(anonymous_16)
FNDA:0,(anonymous_17)
FNDA:0,(anonymous_18)
FNDA:0,(anonymous_19)
FNDA:0,(anonymous_20)
FNDA:0,(anonymous_21)
FNDA:0,(anonymous_22)
FNDA:0,(anonymous_23)
FNDA:0,(anonymous_24)
FNDA:0,(anonymous_25)
FNDA:0,(anonymous_26)
DA:1,1
DA:2,1
DA:3,1
DA:4,1
DA:8,1
DA:10,1
DA:11,0
DA:12,0
DA:15,1
DA:21,1
DA:24,1
DA:27,0
DA:33,1
DA:34,2
DA:35,2
DA:37,2
DA:39,2
DA:42,0
DA:50,1
DA:52,0
DA:53,0
DA:54,0
DA:58,0
DA:61,0
DA:63,0
DA:64,0
DA:66,0
DA:70,0
DA:71,0
DA:82,0
DA:85,0
DA:92,0
DA:99,1
DA:101,0
DA:102,0
DA:103,0
DA:107,0
DA:110,0
DA:112,0
DA:114,0
DA:118,0
DA:119,0
DA:130,0
DA:133,0
DA:140,0
DA:147,1
DA:149,0
DA:150,0
DA:151,0
DA:155,0
DA:158,0
DA:161,0
DA:164,0
DA:165,0
DA:176,0
DA:179,0
DA:185,0
LF:57
LH:17
BRDA:10,0,0,0
BRDA:10,0,1,1
BRDA:10,1,0,1
BRDA:10,1,1,1
BRDA:28,2,0,0
BRDA:28,2,1,0
BRDA:35,3,0,1
BRDA:35,3,1,1
BRDA:44,4,0,0
BRDA:44,4,1,0
BRDA:52,5,0,0
BRDA:52,5,1,0
BRDA:64,6,0,0
BRDA:64,6,1,0
BRDA:87,7,0,0
BRDA:87,7,1,0
BRDA:101,8,0,0
BRDA:101,8,1,0
BRDA:135,9,0,0
BRDA:135,9,1,0
BRDA:149,10,0,0
BRDA:149,10,1,0
BRF:22
BRH:5
end_of_record
TN:
SF:app\models\course.model.js
FN:4,(anonymous_0)
FN:16,(anonymous_1)
FNF:2
FNH:2
FNDA:1,(anonymous_0)
FNDA:1,(anonymous_1)
DA:1,1
DA:2,1
DA:4,1
DA:5,1
DA:16,1
DA:17,1
DA:18,1
DA:19,1
DA:22,1
DA:23,1
LF:10
LH:10
BRF:0
BRH:0
end_of_record
TN:
SF:app\models\favourite_course.model.js
FN:3,(anonymous_0)
FN:12,(anonymous_1)
FNF:2
FNH:2
FNDA:1,(anonymous_0)
FNDA:1,(anonymous_1)
DA:1,1
DA:2,1
DA:3,1
DA:4,1
DA:12,1
DA:13,1
DA:14,1
DA:15,1
DA:18,1
DA:19,1
LF:10
LH:10
BRF:0
BRH:0
end_of_record
TN:
SF:app\models\index.js
FNF:0
FNH:0
DA:1,1
DA:3,1
DA:4,1
DA:5,1
DA:7,1
DA:8,1
DA:9,1
DA:10,1
DA:11,1
DA:12,1
DA:13,1
DA:15,1
LF:12
LH:12
BRF:0
BRH:0
end_of_record
TN:
SF:app\models\rating_course.model.js
FN:3,(anonymous_0)
FN:13,(anonymous_1)
FNF:2
FNH:1
FNDA:1,(anonymous_0)
FNDA:0,(anonymous_1)
DA:1,1
DA:2,1
DA:3,1
DA:4,1
DA:13,1
DA:14,0
DA:15,0
DA:16,0
DA:19,1
DA:20,1
LF:10
LH:7
BRF:0
BRH:0
end_of_record
TN:
SF:app\models\user.model.js
FN:4,(anonymous_0)
FN:13,(anonymous_1)
FNF:2
FNH:2
FNDA:1,(anonymous_0)
FNDA:46,(anonymous_1)
DA:1,1
DA:2,1
DA:4,1
DA:5,1
DA:13,1
DA:14,46
DA:15,46
DA:16,46
DA:19,1
DA:20,1
LF:10
LH:10
BRF:0
BRH:0
end_of_record
TN:
SF:app\routes\course.routes.js
FN:1,(anonymous_0)
FNF:1
FNH:1
FNDA:1,(anonymous_0)
DA:1,1
DA:2,1
DA:4,1
DA:7,1
DA:10,1
DA:13,1
DA:16,1
DA:18,1
DA:20,1
LF:9
LH:9
BRF:0
BRH:0
end_of_record
TN:
SF:app\routes\favourite_course.routes.js
FN:1,(anonymous_0)
FNF:1
FNH:1
FNDA:1,(anonymous_0)
DA:1,1
DA:2,1
DA:4,1
DA:7,1
DA:10,1
DA:12,1
LF:6
LH:6
BRF:0
BRH:0
end_of_record
TN:
SF:app\routes\rating_course.routes.js
FN:1,(anonymous_0)
FNF:1
FNH:1
FNDA:1,(anonymous_0)
DA:1,1
DA:2,1
DA:4,1
DA:7,1
DA:9,1
DA:11,1
DA:13,1
LF:7
LH:7
BRF:0
BRH:0
end_of_record
TN:
SF:app\routes\user.routes.js
FN:1,(anonymous_0)
FNF:1
FNH:1
FNDA:1,(anonymous_0)
DA:1,1
DA:2,1
DA:4,1
DA:7,1
DA:10,1
DA:12,1
DA:14,1
DA:16,1
DA:18,1
LF:9
LH:9
BRF:0
BRH:0
end_of_record
